<?xml version="1.0" encoding="UTF-8"?>
<Site BuildName="(empty)"
	BuildStamp="20250425-0417-Experimental"
	Name="myungw00-Lenovo-ThinkBook-16p-Gen-2"
	Generator="ctest-3.31.1"
	CompilerName="/usr/bin/clang++"
	CompilerVersion="10.0.0"
	OSName="Linux"
	Hostname="myungw00-Lenovo-ThinkBook-16p-Gen-2"
	OSRelease="5.15.0-136-generic"
	OSVersion="#147~20.04.1-Ubuntu SMP Wed Mar 19 16:13:14 UTC 2025"
	OSPlatform="x86_64"
	Is64Bits="1"
	VendorString="AuthenticAMD"
	VendorID="Advanced Micro Devices"
	FamilyID="25"
	ModelID="80"
	ModelName="AMD Ryzen 9 5900HX with Radeon Graphics"
	ProcessorCacheSize="512"
	NumberOfLogicalCPU="16"
	NumberOfPhysicalCPU="8"
	TotalVirtualMemory="15623"
	TotalPhysicalMemory="31448"
	LogicalProcessorsPerPhysical="2"
	ProcessorClockFrequency="3329.32"
	>
	<Testing>
		<StartDateTime>Apr 25 13:17 KST</StartDateTime>
		<StartTestTime>1745554678</StartTestTime>
		<TestList/>
		<EndDateTime>Apr 25 13:17 KST</EndDateTime>
		<EndTestTime>1745554678</EndTestTime>
		<ElapsedMinutes>0</ElapsedMinutes>
	</Testing>
</Site>
